<?xml version="1.0" encoding="UTF-8"?>
<robot generator="Robot 5.0.1 (Python 3.10.7 on win32)" generated="20231116 16:43:59.769" rpa="false" schemaversion="3">
<suite id="s1" name="UserModule" source="C:\Users\pader\PycharmProjects\RAVEN\RECRPRO\Tests\UserModule">
<suite id="s1-s1" name="Sign In Form UBT-RECRQTP-0003" source="C:\Users\pader\PycharmProjects\RAVEN\RECRPRO\Tests\UserModule\Sign_In_Form_UBT-RECRQTP-0003.robot">
<kw name="Begin Web Test" library="Common" type="SETUP">
<kw name="Run Keyword If" library="BuiltIn">
<arg>'${BROWSER_MODE}' == 'headless'</arg>
<arg>Open Browser In Headless Mode</arg>
<arg>ELSE</arg>
<arg>Open Browser</arg>
<arg>about:blank</arg>
<arg>${BROWSER}</arg>
<doc>Runs the given keyword with the given arguments, if ``condition`` is true.</doc>
<kw name="Open Browser In Headless Mode" library="Common">
<kw name="Evaluate" library="BuiltIn">
<var>${options}</var>
<arg>sys.modules['selenium.webdriver'].ChromeOptions()</arg>
<arg>sys, selenium.webdriver</arg>
<doc>Evaluates the given expression in Python and returns the result.</doc>
<msg timestamp="20231116 16:44:00.049" level="INFO">${options} = &lt;selenium.webdriver.chrome.options.Options object at 0x000002267C7D6FB0&gt;</msg>
<status status="PASS" starttime="20231116 16:44:00.049" endtime="20231116 16:44:00.049"/>
</kw>
<kw name="Call Method" library="BuiltIn">
<arg>${options}</arg>
<arg>add_argument</arg>
<arg>--headless</arg>
<doc>Calls the named method of the given object with the provided arguments.</doc>
<status status="PASS" starttime="20231116 16:44:00.049" endtime="20231116 16:44:00.049"/>
</kw>
<kw name="Create Webdriver" library="SeleniumLibrary">
<arg>Chrome</arg>
<arg>chrome_options=${options}</arg>
<doc>Creates an instance of Selenium WebDriver.</doc>
<msg timestamp="20231116 16:44:00.051" level="INFO">Creating an instance of the Chrome WebDriver.</msg>
<status status="PASS" starttime="20231116 16:44:00.051" endtime="20231116 16:44:02.224"/>
</kw>
<status status="PASS" starttime="20231116 16:44:00.049" endtime="20231116 16:44:02.224"/>
</kw>
<status status="PASS" starttime="20231116 16:44:00.049" endtime="20231116 16:44:02.224"/>
</kw>
<kw name="Set Window Size" library="SeleniumLibrary">
<arg>${1920}</arg>
<arg>${1200}</arg>
<doc>Sets current windows size to given ``width`` and ``height``.</doc>
<status status="PASS" starttime="20231116 16:44:02.224" endtime="20231116 16:44:02.334"/>
</kw>
<status status="PASS" starttime="20231116 16:44:00.049" endtime="20231116 16:44:02.334"/>
</kw>
<test id="s1-s1-t1" name="Scenario #1 RECRQTP-10 Sign Up - Happy Flow" line="17">
<kw name="Navigate to Login Page" library="Common">
<kw name="Open Browser" library="SeleniumLibrary">
<arg>${LOGIN_URL}</arg>
<arg>${Browser}</arg>
<doc>Opens a new browser instance to the optional ``url``.</doc>
<msg timestamp="20231116 16:44:02.337" level="INFO">Opening browser 'chrome' to base url 'https://secretproject1.com/login'.</msg>
<status status="PASS" starttime="20231116 16:44:02.337" endtime="20231116 16:44:10.716"/>
</kw>
<status status="PASS" starttime="20231116 16:44:02.336" endtime="20231116 16:44:10.716"/>
</kw>
<kw name="Login Admin Account" library="Common">
<kw name="Input Text" library="SeleniumLibrary">
<arg>//*[@id="login-email"]</arg>
<arg>${Email}</arg>
<doc>Types the given ``text`` into the text field identified by ``locator``.</doc>
<msg timestamp="20231116 16:44:10.720" level="INFO">Typing text 'PAULWYDINC22@MAILINATOR.COM' into text field '//*[@id="login-email"]'.</msg>
<status status="PASS" starttime="20231116 16:44:10.718" endtime="20231116 16:44:10.989"/>
</kw>
<kw name="Input Text" library="SeleniumLibrary">
<arg>//*[@id="login-password"]</arg>
<arg>${Password}</arg>
<doc>Types the given ``text`` into the text field identified by ``locator``.</doc>
<msg timestamp="20231116 16:44:10.990" level="INFO">Typing text '!1Qazqaz' into text field '//*[@id="login-password"]'.</msg>
<status status="PASS" starttime="20231116 16:44:10.990" endtime="20231116 16:44:11.126"/>
</kw>
<status status="PASS" starttime="20231116 16:44:10.718" endtime="20231116 16:44:11.127"/>
</kw>
<kw name="Click Sign In" library="Common">
<kw name="Click Button" library="SeleniumLibrary">
<arg>Sign In</arg>
<doc>Clicks the button identified by ``locator``.</doc>
<msg timestamp="20231116 16:44:11.128" level="INFO">Clicking button 'Sign In'.</msg>
<status status="PASS" starttime="20231116 16:44:11.128" endtime="20231116 16:44:11.219"/>
</kw>
<status status="PASS" starttime="20231116 16:44:11.127" endtime="20231116 16:44:11.219"/>
</kw>
<kw name="Sleep" library="BuiltIn">
<arg>1</arg>
<doc>Pauses the test executed for the given time.</doc>
<msg timestamp="20231116 16:44:12.221" level="INFO">Slept 1 second</msg>
<status status="PASS" starttime="20231116 16:44:11.220" endtime="20231116 16:44:12.221"/>
</kw>
<kw name="Wait Until Page Contains" library="SeleniumLibrary">
<arg>Job List</arg>
<doc>Waits until ``text`` appears on the current page.</doc>
<status status="PASS" starttime="20231116 16:44:12.221" endtime="20231116 16:44:13.568"/>
</kw>
<kw name="Close All Browsers" library="SeleniumLibrary">
<doc>Closes all open browsers and resets the browser cache.</doc>
<status status="PASS" starttime="20231116 16:44:13.569" endtime="20231116 16:44:17.842"/>
</kw>
<doc>Valid Input</doc>
<tag>Regression</tag>
<tag>Smoke</tag>
<tag>UBT</tag>
<status status="PASS" starttime="20231116 16:44:02.335" endtime="20231116 16:44:17.843"/>
</test>
<kw name="End Web Test" library="Common" type="TEARDOWN">
<kw name="Close All Browsers" library="SeleniumLibrary">
<doc>Closes all open browsers and resets the browser cache.</doc>
<status status="PASS" starttime="20231116 16:44:17.844" endtime="20231116 16:44:17.844"/>
</kw>
<status status="PASS" starttime="20231116 16:44:17.844" endtime="20231116 16:44:17.845"/>
</kw>
<doc>Test cases of Sign Up Form for Company Users</doc>
<status status="PASS" starttime="20231116 16:43:59.791" endtime="20231116 16:44:17.845"/>
</suite>
<suite id="s1-s2" name="Sign Out UBT-RECRQTP-0005" source="C:\Users\pader\PycharmProjects\RAVEN\RECRPRO\Tests\UserModule\Sign_Out_UBT-RECRQTP-0005.robot">
<kw name="Begin Web Test" library="Common" type="SETUP">
<kw name="Run Keyword If" library="BuiltIn">
<arg>'${BROWSER_MODE}' == 'headless'</arg>
<arg>Open Browser In Headless Mode</arg>
<arg>ELSE</arg>
<arg>Open Browser</arg>
<arg>about:blank</arg>
<arg>${BROWSER}</arg>
<doc>Runs the given keyword with the given arguments, if ``condition`` is true.</doc>
<kw name="Open Browser In Headless Mode" library="Common">
<kw name="Evaluate" library="BuiltIn">
<var>${options}</var>
<arg>sys.modules['selenium.webdriver'].ChromeOptions()</arg>
<arg>sys, selenium.webdriver</arg>
<doc>Evaluates the given expression in Python and returns the result.</doc>
<msg timestamp="20231116 16:44:17.876" level="INFO">${options} = &lt;selenium.webdriver.chrome.options.Options object at 0x000002267C7D1F30&gt;</msg>
<status status="PASS" starttime="20231116 16:44:17.875" endtime="20231116 16:44:17.876"/>
</kw>
<kw name="Call Method" library="BuiltIn">
<arg>${options}</arg>
<arg>add_argument</arg>
<arg>--headless</arg>
<doc>Calls the named method of the given object with the provided arguments.</doc>
<status status="PASS" starttime="20231116 16:44:17.876" endtime="20231116 16:44:17.876"/>
</kw>
<kw name="Create Webdriver" library="SeleniumLibrary">
<arg>Chrome</arg>
<arg>chrome_options=${options}</arg>
<doc>Creates an instance of Selenium WebDriver.</doc>
<msg timestamp="20231116 16:44:17.876" level="INFO">Creating an instance of the Chrome WebDriver.</msg>
<status status="PASS" starttime="20231116 16:44:17.876" endtime="20231116 16:44:18.921"/>
</kw>
<status status="PASS" starttime="20231116 16:44:17.874" endtime="20231116 16:44:18.921"/>
</kw>
<status status="PASS" starttime="20231116 16:44:17.873" endtime="20231116 16:44:18.921"/>
</kw>
<kw name="Set Window Size" library="SeleniumLibrary">
<arg>${1920}</arg>
<arg>${1200}</arg>
<doc>Sets current windows size to given ``width`` and ``height``.</doc>
<status status="PASS" starttime="20231116 16:44:18.921" endtime="20231116 16:44:19.035"/>
</kw>
<status status="PASS" starttime="20231116 16:44:17.873" endtime="20231116 16:44:19.035"/>
</kw>
<test id="s1-s2-t1" name="Scenario #2 RECRQTP-38 Submenu &amp; Sign out - Sign out" line="37">
<kw name="Navigate to Login Page" library="Common">
<kw name="Open Browser" library="SeleniumLibrary">
<arg>${LOGIN_URL}</arg>
<arg>${Browser}</arg>
<doc>Opens a new browser instance to the optional ``url``.</doc>
<msg timestamp="20231116 16:44:19.037" level="INFO">Opening browser 'chrome' to base url 'https://secretproject1.com/login'.</msg>
<status status="PASS" starttime="20231116 16:44:19.036" endtime="20231116 16:44:23.932"/>
</kw>
<status status="PASS" starttime="20231116 16:44:19.036" endtime="20231116 16:44:23.932"/>
</kw>
<kw name="Login Recruiter Account" library="Common">
<kw name="Input Text" library="SeleniumLibrary">
<arg>//*[@id="login-email"]</arg>
<arg>${RECRUITER_EMAIL}</arg>
<doc>Types the given ``text`` into the text field identified by ``locator``.</doc>
<msg timestamp="20231116 16:44:23.935" level="INFO">Typing text 'recruiter10@mailinator.com' into text field '//*[@id="login-email"]'.</msg>
<status status="PASS" starttime="20231116 16:44:23.934" endtime="20231116 16:44:24.139"/>
</kw>
<kw name="Input Text" library="SeleniumLibrary">
<arg>//*[@id="login-password"]</arg>
<arg>${RECRUITER_PASSWORD}</arg>
<doc>Types the given ``text`` into the text field identified by ``locator``.</doc>
<msg timestamp="20231116 16:44:24.139" level="INFO">Typing text '!1Qazqaz' into text field '//*[@id="login-password"]'.</msg>
<status status="PASS" starttime="20231116 16:44:24.139" endtime="20231116 16:44:24.266"/>
</kw>
<status status="PASS" starttime="20231116 16:44:23.933" endtime="20231116 16:44:24.266"/>
</kw>
<kw name="Click Sign In" library="Common">
<kw name="Click Button" library="SeleniumLibrary">
<arg>Sign In</arg>
<doc>Clicks the button identified by ``locator``.</doc>
<msg timestamp="20231116 16:44:24.267" level="INFO">Clicking button 'Sign In'.</msg>
<status status="PASS" starttime="20231116 16:44:24.267" endtime="20231116 16:44:24.389"/>
</kw>
<status status="PASS" starttime="20231116 16:44:24.266" endtime="20231116 16:44:24.389"/>
</kw>
<kw name="Sleep" library="BuiltIn">
<arg>1</arg>
<doc>Pauses the test executed for the given time.</doc>
<msg timestamp="20231116 16:44:25.390" level="INFO">Slept 1 second</msg>
<status status="PASS" starttime="20231116 16:44:24.390" endtime="20231116 16:44:25.390"/>
</kw>
<kw name="Wait Until Page Contains Element" library="SeleniumLibrary">
<arg>Job List</arg>
<doc>Waits until the element ``locator`` appears on the current page.</doc>
<status status="PASS" starttime="20231116 16:44:25.391" endtime="20231116 16:44:27.432"/>
</kw>
<kw name="Click Sign Out" library="Common">
<kw name="Click Element" library="SeleniumLibrary">
<arg>//*[@class="nav-item dropdown"]</arg>
<doc>Click the element identified by ``locator``.</doc>
<msg timestamp="20231116 16:44:27.434" level="INFO">Clicking element '//*[@class="nav-item dropdown"]'.</msg>
<status status="PASS" starttime="20231116 16:44:27.434" endtime="20231116 16:44:27.514"/>
</kw>
<kw name="Wait Until Element Is Visible" library="SeleniumLibrary">
<arg>//*[@class="ni ni-user-run"]</arg>
<doc>Waits until the element ``locator`` is visible.</doc>
<status status="PASS" starttime="20231116 16:44:27.515" endtime="20231116 16:44:27.585"/>
</kw>
<kw name="Sleep" library="BuiltIn">
<arg>1</arg>
<doc>Pauses the test executed for the given time.</doc>
<msg timestamp="20231116 16:44:28.597" level="INFO">Slept 1 second</msg>
<status status="PASS" starttime="20231116 16:44:27.585" endtime="20231116 16:44:28.597"/>
</kw>
<kw name="Click Element" library="SeleniumLibrary">
<arg>//*[@class="ni ni-user-run"]</arg>
<doc>Click the element identified by ``locator``.</doc>
<msg timestamp="20231116 16:44:28.598" level="INFO">Clicking element '//*[@class="ni ni-user-run"]'.</msg>
<status status="PASS" starttime="20231116 16:44:28.597" endtime="20231116 16:44:28.663"/>
</kw>
<status status="PASS" starttime="20231116 16:44:27.433" endtime="20231116 16:44:28.664"/>
</kw>
<kw name="Verify Login Page is Loaded" library="Common">
<kw name="Wait Until Element Is Visible" library="SeleniumLibrary">
<arg>//*[@id="login-wrapper"]</arg>
<doc>Waits until the element ``locator`` is visible.</doc>
<status status="PASS" starttime="20231116 16:44:28.665" endtime="20231116 16:44:29.401"/>
</kw>
<status status="PASS" starttime="20231116 16:44:28.664" endtime="20231116 16:44:29.401"/>
</kw>
<kw name="Close All Browsers" library="SeleniumLibrary">
<doc>Closes all open browsers and resets the browser cache.</doc>
<status status="PASS" starttime="20231116 16:44:29.402" endtime="20231116 16:44:33.632"/>
</kw>
<doc>Valid Input</doc>
<tag>Regression</tag>
<tag>Smoke</tag>
<tag>UBT</tag>
<status status="PASS" starttime="20231116 16:44:19.035" endtime="20231116 16:44:33.632"/>
</test>
<kw name="End Web Test" library="Common" type="TEARDOWN">
<kw name="Close All Browsers" library="SeleniumLibrary">
<doc>Closes all open browsers and resets the browser cache.</doc>
<status status="PASS" starttime="20231116 16:44:33.634" endtime="20231116 16:44:33.634"/>
</kw>
<status status="PASS" starttime="20231116 16:44:33.634" endtime="20231116 16:44:33.634"/>
</kw>
<doc>Test cases of Sign Up Form for Company Users</doc>
<status status="PASS" starttime="20231116 16:44:17.846" endtime="20231116 16:44:33.634"/>
</suite>
<suite id="s1-s3" name="Sign Up Form UBT-RECRQTP-0002" source="C:\Users\pader\PycharmProjects\RAVEN\RECRPRO\Tests\UserModule\Sign_Up_Form_UBT-RECRQTP-0002.robot">
<kw name="Begin Web Test" library="Common" type="SETUP">
<kw name="Run Keyword If" library="BuiltIn">
<arg>'${BROWSER_MODE}' == 'headless'</arg>
<arg>Open Browser In Headless Mode</arg>
<arg>ELSE</arg>
<arg>Open Browser</arg>
<arg>about:blank</arg>
<arg>${BROWSER}</arg>
<doc>Runs the given keyword with the given arguments, if ``condition`` is true.</doc>
<kw name="Open Browser In Headless Mode" library="Common">
<kw name="Evaluate" library="BuiltIn">
<var>${options}</var>
<arg>sys.modules['selenium.webdriver'].ChromeOptions()</arg>
<arg>sys, selenium.webdriver</arg>
<doc>Evaluates the given expression in Python and returns the result.</doc>
<msg timestamp="20231116 16:44:33.660" level="INFO">${options} = &lt;selenium.webdriver.chrome.options.Options object at 0x000002267C7D3070&gt;</msg>
<status status="PASS" starttime="20231116 16:44:33.660" endtime="20231116 16:44:33.660"/>
</kw>
<kw name="Call Method" library="BuiltIn">
<arg>${options}</arg>
<arg>add_argument</arg>
<arg>--headless</arg>
<doc>Calls the named method of the given object with the provided arguments.</doc>
<status status="PASS" starttime="20231116 16:44:33.660" endtime="20231116 16:44:33.660"/>
</kw>
<kw name="Create Webdriver" library="SeleniumLibrary">
<arg>Chrome</arg>
<arg>chrome_options=${options}</arg>
<doc>Creates an instance of Selenium WebDriver.</doc>
<msg timestamp="20231116 16:44:33.660" level="INFO">Creating an instance of the Chrome WebDriver.</msg>
<status status="PASS" starttime="20231116 16:44:33.660" endtime="20231116 16:44:34.704"/>
</kw>
<status status="PASS" starttime="20231116 16:44:33.660" endtime="20231116 16:44:34.705"/>
</kw>
<status status="PASS" starttime="20231116 16:44:33.659" endtime="20231116 16:44:34.705"/>
</kw>
<kw name="Set Window Size" library="SeleniumLibrary">
<arg>${1920}</arg>
<arg>${1200}</arg>
<doc>Sets current windows size to given ``width`` and ``height``.</doc>
<status status="PASS" starttime="20231116 16:44:34.705" endtime="20231116 16:44:34.816"/>
</kw>
<status status="PASS" starttime="20231116 16:44:33.659" endtime="20231116 16:44:34.816"/>
</kw>
<test id="s1-s3-t1" name="Scenario #1 RECRQTP-10 Sign Up - Happy Flow" line="17">
<kw name="Navigate to Login Page" library="Common">
<kw name="Open Browser" library="SeleniumLibrary">
<arg>${LOGIN_URL}</arg>
<arg>${Browser}</arg>
<doc>Opens a new browser instance to the optional ``url``.</doc>
<msg timestamp="20231116 16:44:34.818" level="INFO">Opening browser 'chrome' to base url 'https://secretproject1.com/login'.</msg>
<status status="PASS" starttime="20231116 16:44:34.817" endtime="20231116 16:44:40.078"/>
</kw>
<status status="PASS" starttime="20231116 16:44:34.817" endtime="20231116 16:44:40.078"/>
</kw>
<kw name="Navigate to Register Page" library="Common">
<kw name="Click Link" library="SeleniumLibrary">
<arg>Register now</arg>
<doc>Clicks a link identified by ``locator``.</doc>
<msg timestamp="20231116 16:44:40.079" level="INFO">Clicking link 'Register now'.</msg>
<status status="PASS" starttime="20231116 16:44:40.079" endtime="20231116 16:44:40.157"/>
</kw>
<status status="PASS" starttime="20231116 16:44:40.078" endtime="20231116 16:44:40.157"/>
</kw>
<kw name="Sleep" library="BuiltIn">
<arg>1</arg>
<doc>Pauses the test executed for the given time.</doc>
<msg timestamp="20231116 16:44:41.165" level="INFO">Slept 1 second</msg>
<status status="PASS" starttime="20231116 16:44:40.158" endtime="20231116 16:44:41.165"/>
</kw>
<kw name="Verify Register Company Page is Loaded" library="Register-Company">
<kw name="Wait Until Element Is Visible" library="SeleniumLibrary">
<arg>//*[@id="register-wrapper"]</arg>
<doc>Waits until the element ``locator`` is visible.</doc>
<status status="PASS" starttime="20231116 16:44:41.166" endtime="20231116 16:44:41.189"/>
</kw>
<status status="PASS" starttime="20231116 16:44:41.165" endtime="20231116 16:44:41.191"/>
</kw>
<kw name="Show Password" library="Register-Company">
<kw name="Click Element" library="SeleniumLibrary">
<arg>//*[@id="reg-view-password"]</arg>
<doc>Click the element identified by ``locator``.</doc>
<msg timestamp="20231116 16:44:41.191" level="INFO">Clicking element '//*[@id="reg-view-password"]'.</msg>
<status status="PASS" starttime="20231116 16:44:41.191" endtime="20231116 16:44:41.244"/>
</kw>
<status status="PASS" starttime="20231116 16:44:41.191" endtime="20231116 16:44:41.244"/>
</kw>
<kw name="Input Company Registration Form With Valid Data" library="Register-Company">
<kw name="Input Text" library="SeleniumLibrary">
<arg>//*[@id="reg-company-name"]</arg>
<arg>${rregCompanyName}</arg>
<doc>Types the given ``text`` into the text field identified by ``locator``.</doc>
<msg timestamp="20231116 16:44:41.246" level="INFO">Typing text 'PhilHarmonic505G Co.' into text field '//*[@id="reg-company-name"]'.</msg>
<status status="PASS" starttime="20231116 16:44:41.246" endtime="20231116 16:44:41.461"/>
</kw>
<kw name="Input Text" library="SeleniumLibrary">
<arg>//*[@id="reg-name"]</arg>
<arg>${rregName}</arg>
<doc>Types the given ``text`` into the text field identified by ``locator``.</doc>
<msg timestamp="20231116 16:44:41.463" level="INFO">Typing text 'Philip505G' into text field '//*[@id="reg-name"]'.</msg>
<status status="PASS" starttime="20231116 16:44:41.463" endtime="20231116 16:44:41.620"/>
</kw>
<kw name="Input Text" library="SeleniumLibrary">
<arg>//*[@id="reg-email"]</arg>
<arg>${rregEmail}</arg>
<doc>Types the given ``text`` into the text field identified by ``locator``.</doc>
<msg timestamp="20231116 16:44:41.621" level="INFO">Typing text 'Philip505G@MAILINATOR.COM' into text field '//*[@id="reg-email"]'.</msg>
<status status="PASS" starttime="20231116 16:44:41.620" endtime="20231116 16:44:41.833"/>
</kw>
<kw name="Input Password" library="SeleniumLibrary">
<arg>//*[@id="reg-password"]</arg>
<arg>${rregPassword}</arg>
<doc>Types the given password into the text field identified by ``locator``.</doc>
<msg timestamp="20231116 16:44:41.834" level="INFO">Typing password into text field '//*[@id="reg-password"]'.</msg>
<msg timestamp="20231116 16:44:41.869" level="INFO">Temporally setting log level to: NONE</msg>
<msg timestamp="20231116 16:44:41.958" level="INFO">Log level changed from NONE to INFO.</msg>
<status status="PASS" starttime="20231116 16:44:41.833" endtime="20231116 16:44:41.958"/>
</kw>
<status status="PASS" starttime="20231116 16:44:41.244" endtime="20231116 16:44:41.958"/>
</kw>
<kw name="Enable Privacy Policy" library="Register-Company">
<kw name="Click Element" library="SeleniumLibrary">
<arg>//*[@for="reg-privacy-policy"]</arg>
<doc>Click the element identified by ``locator``.</doc>
<msg timestamp="20231116 16:44:41.959" level="INFO">Clicking element '//*[@for="reg-privacy-policy"]'.</msg>
<status status="PASS" starttime="20231116 16:44:41.959" endtime="20231116 16:44:42.022"/>
</kw>
<status status="PASS" starttime="20231116 16:44:41.959" endtime="20231116 16:44:42.022"/>
</kw>
<kw name="Click Create Account" library="Register-Company">
<kw name="Click Button" library="SeleniumLibrary">
<arg>//*[@id="reg-create-account"]</arg>
<doc>Clicks the button identified by ``locator``.</doc>
<msg timestamp="20231116 16:44:42.024" level="INFO">Clicking button '//*[@id="reg-create-account"]'.</msg>
<status status="PASS" starttime="20231116 16:44:42.024" endtime="20231116 16:44:42.101"/>
</kw>
<status status="PASS" starttime="20231116 16:44:42.023" endtime="20231116 16:44:42.101"/>
</kw>
<kw name="Verify Successfull Registration Message" library="Register-Company">
<kw name="Wait Until Page Contains" library="SeleniumLibrary">
<arg>Successfully Sign Up</arg>
<doc>Waits until ``text`` appears on the current page.</doc>
<status status="PASS" starttime="20231116 16:44:42.102" endtime="20231116 16:44:46.327"/>
</kw>
<kw name="Sleep" library="BuiltIn">
<arg>1</arg>
<doc>Pauses the test executed for the given time.</doc>
<msg timestamp="20231116 16:44:47.328" level="INFO">Slept 1 second</msg>
<status status="PASS" starttime="20231116 16:44:46.328" endtime="20231116 16:44:47.328"/>
</kw>
<kw name="Wait Until Page Contains" library="SeleniumLibrary">
<arg>Verify your email</arg>
<doc>Waits until ``text`` appears on the current page.</doc>
<status status="PASS" starttime="20231116 16:44:47.328" endtime="20231116 16:44:47.783"/>
</kw>
<status status="PASS" starttime="20231116 16:44:42.102" endtime="20231116 16:44:47.785"/>
</kw>
<kw name="Navigate to Login Page" library="Common">
<kw name="Open Browser" library="SeleniumLibrary">
<arg>${LOGIN_URL}</arg>
<arg>${Browser}</arg>
<doc>Opens a new browser instance to the optional ``url``.</doc>
<msg timestamp="20231116 16:44:47.787" level="INFO">Opening browser 'chrome' to base url 'https://secretproject1.com/login'.</msg>
<status status="PASS" starttime="20231116 16:44:47.787" endtime="20231116 16:44:52.973"/>
</kw>
<status status="PASS" starttime="20231116 16:44:47.786" endtime="20231116 16:44:52.974"/>
</kw>
<kw name="Input Newly Registered Company Account" library="Register-Company">
<kw name="Input Text" library="SeleniumLibrary">
<arg>//*[@id="login-email"]</arg>
<arg>${rregEmail}</arg>
<doc>Types the given ``text`` into the text field identified by ``locator``.</doc>
<msg timestamp="20231116 16:44:52.977" level="INFO">Typing text 'Philip505G@MAILINATOR.COM' into text field '//*[@id="login-email"]'.</msg>
<status status="PASS" starttime="20231116 16:44:52.976" endtime="20231116 16:44:53.191"/>
</kw>
<kw name="Input Text" library="SeleniumLibrary">
<arg>//*[@id="login-password"]</arg>
<arg>${rregPassword}</arg>
<doc>Types the given ``text`` into the text field identified by ``locator``.</doc>
<msg timestamp="20231116 16:44:53.192" level="INFO">Typing text '!1Qazqaz' into text field '//*[@id="login-password"]'.</msg>
<status status="PASS" starttime="20231116 16:44:53.191" endtime="20231116 16:44:53.302"/>
</kw>
<status status="PASS" starttime="20231116 16:44:52.975" endtime="20231116 16:44:53.302"/>
</kw>
<kw name="Click Sign In" library="Common">
<kw name="Click Button" library="SeleniumLibrary">
<arg>Sign In</arg>
<doc>Clicks the button identified by ``locator``.</doc>
<msg timestamp="20231116 16:44:53.303" level="INFO">Clicking button 'Sign In'.</msg>
<status status="PASS" starttime="20231116 16:44:53.303" endtime="20231116 16:44:53.386"/>
</kw>
<status status="PASS" starttime="20231116 16:44:53.303" endtime="20231116 16:44:53.388"/>
</kw>
<kw name="Verify User Successfully Logged In" library="Common">
<kw name="Wait Until Element Is Visible" library="SeleniumLibrary">
<arg>//*[@id="__nuxt"]</arg>
<doc>Waits until the element ``locator`` is visible.</doc>
<status status="PASS" starttime="20231116 16:44:53.389" endtime="20231116 16:44:53.428"/>
</kw>
<status status="PASS" starttime="20231116 16:44:53.388" endtime="20231116 16:44:53.428"/>
</kw>
<kw name="Close All Browsers" library="SeleniumLibrary">
<doc>Closes all open browsers and resets the browser cache.</doc>
<status status="PASS" starttime="20231116 16:44:53.429" endtime="20231116 16:44:59.878"/>
</kw>
<doc>Valid Input</doc>
<tag>Regression</tag>
<tag>Smoke</tag>
<tag>UBT</tag>
<status status="PASS" starttime="20231116 16:44:34.816" endtime="20231116 16:44:59.878"/>
</test>
<kw name="End Web Test" library="Common" type="TEARDOWN">
<kw name="Close All Browsers" library="SeleniumLibrary">
<doc>Closes all open browsers and resets the browser cache.</doc>
<status status="PASS" starttime="20231116 16:44:59.879" endtime="20231116 16:44:59.879"/>
</kw>
<status status="PASS" starttime="20231116 16:44:59.879" endtime="20231116 16:44:59.879"/>
</kw>
<doc>Test cases of Sign Up Form for Company Users</doc>
<status status="PASS" starttime="20231116 16:44:33.635" endtime="20231116 16:44:59.879"/>
</suite>
<status status="PASS" starttime="20231116 16:43:59.771" endtime="20231116 16:44:59.881"/>
</suite>
<statistics>
<total>
<stat pass="3" fail="0" skip="0">All Tests</stat>
</total>
<tag>
<stat pass="3" fail="0" skip="0">Regression</stat>
<stat pass="3" fail="0" skip="0">Smoke</stat>
<stat pass="3" fail="0" skip="0">UBT</stat>
</tag>
<suite>
<stat pass="3" fail="0" skip="0" id="s1" name="UserModule">UserModule</stat>
<stat pass="1" fail="0" skip="0" id="s1-s1" name="Sign In Form UBT-RECRQTP-0003">UserModule.Sign In Form UBT-RECRQTP-0003</stat>
<stat pass="1" fail="0" skip="0" id="s1-s2" name="Sign Out UBT-RECRQTP-0005">UserModule.Sign Out UBT-RECRQTP-0005</stat>
<stat pass="1" fail="0" skip="0" id="s1-s3" name="Sign Up Form UBT-RECRQTP-0002">UserModule.Sign Up Form UBT-RECRQTP-0002</stat>
</suite>
</statistics>
<errors>
<msg timestamp="20231116 16:44:00.039" level="ERROR">Error in file 'C:\Users\pader\PycharmProjects\RAVEN\RECRPRO\Resources\Register-Company.robot' on line 4: Resource file '..\Common.robot' does not exist.</msg>
<msg timestamp="20231116 16:44:00.041" level="ERROR">Error in file 'C:\Users\pader\PycharmProjects\RAVEN\RECRPRO\Resources\Register-Company.robot' on line 5: Variable file '..\Elements\Register.py' does not exist.</msg>
<msg timestamp="20231116 16:44:00.044" level="ERROR">Error in file 'C:\Users\pader\PycharmProjects\RAVEN\RECRPRO\Resources\Register-Company.robot' on line 9: Variable file '..\Elements\Register.py' does not exist.</msg>
<msg timestamp="20231116 16:44:00.045" level="ERROR">Error in file 'C:\Users\pader\PycharmProjects\RAVEN\RECRPRO\Resources\Register-Company.robot' on line 10: Variable file '..\..\Resources\Elements\Register.py' does not exist.</msg>
<msg timestamp="20231116 16:44:17.859" level="ERROR">Error in file 'C:\Users\pader\PycharmProjects\RAVEN\RECRPRO\Resources\Register-Company.robot' on line 4: Resource file '..\Common.robot' does not exist.</msg>
<msg timestamp="20231116 16:44:17.861" level="ERROR">Error in file 'C:\Users\pader\PycharmProjects\RAVEN\RECRPRO\Resources\Register-Company.robot' on line 5: Variable file '..\Elements\Register.py' does not exist.</msg>
<msg timestamp="20231116 16:44:17.866" level="ERROR">Error in file 'C:\Users\pader\PycharmProjects\RAVEN\RECRPRO\Resources\Register-Company.robot' on line 9: Variable file '..\Elements\Register.py' does not exist.</msg>
<msg timestamp="20231116 16:44:17.868" level="ERROR">Error in file 'C:\Users\pader\PycharmProjects\RAVEN\RECRPRO\Resources\Register-Company.robot' on line 10: Variable file '..\..\Resources\Elements\Register.py' does not exist.</msg>
<msg timestamp="20231116 16:44:33.650" level="ERROR">Error in file 'C:\Users\pader\PycharmProjects\RAVEN\RECRPRO\Resources\Register-Company.robot' on line 4: Resource file '..\Common.robot' does not exist.</msg>
<msg timestamp="20231116 16:44:33.651" level="ERROR">Error in file 'C:\Users\pader\PycharmProjects\RAVEN\RECRPRO\Resources\Register-Company.robot' on line 5: Variable file '..\Elements\Register.py' does not exist.</msg>
<msg timestamp="20231116 16:44:33.654" level="ERROR">Error in file 'C:\Users\pader\PycharmProjects\RAVEN\RECRPRO\Resources\Register-Company.robot' on line 9: Variable file '..\Elements\Register.py' does not exist.</msg>
<msg timestamp="20231116 16:44:33.655" level="ERROR">Error in file 'C:\Users\pader\PycharmProjects\RAVEN\RECRPRO\Resources\Register-Company.robot' on line 10: Variable file '..\..\Resources\Elements\Register.py' does not exist.</msg>
</errors>
</robot>
