<?xml version="1.0" encoding="UTF-8"?>
<robot generator="Robot 5.0.1 (Python 3.10.7 on win32)" generated="20230717 21:46:25.651" rpa="false" schemaversion="3">
<suite id="s1" name="RECRQTP-003 Sign In Form UBT" source="C:\Users\pader\PycharmProjects\RAVEN\RECRPRO\Tests\UserModule\RECRQTP-003_Sign_In_Form_UBT.robot">
<kw name="Begin Web Test" library="Common" type="SETUP">
<kw name="Run Keyword If" library="BuiltIn">
<arg>'${BROWSER_MODE}' == 'headless'</arg>
<arg>Open Browser In Headless Mode</arg>
<arg>ELSE</arg>
<arg>Open Browser</arg>
<arg>about:blank</arg>
<arg>${BROWSER}</arg>
<doc>Runs the given keyword with the given arguments, if ``condition`` is true.</doc>
<kw name="Open Browser In Headless Mode" library="Common">
<kw name="Evaluate" library="BuiltIn">
<var>${options}</var>
<arg>sys.modules['selenium.webdriver'].ChromeOptions()</arg>
<arg>sys, selenium.webdriver</arg>
<doc>Evaluates the given expression in Python and returns the result.</doc>
<msg timestamp="20230717 21:46:26.253" level="INFO">${options} = &lt;selenium.webdriver.chrome.options.Options object at 0x000002C205C7EBF0&gt;</msg>
<status status="PASS" starttime="20230717 21:46:26.253" endtime="20230717 21:46:26.253"/>
</kw>
<kw name="Call Method" library="BuiltIn">
<arg>${options}</arg>
<arg>add_argument</arg>
<arg>--headless</arg>
<doc>Calls the named method of the given object with the provided arguments.</doc>
<status status="PASS" starttime="20230717 21:46:26.253" endtime="20230717 21:46:26.253"/>
</kw>
<kw name="Create Webdriver" library="SeleniumLibrary">
<arg>Chrome</arg>
<arg>chrome_options=${options}</arg>
<doc>Creates an instance of Selenium WebDriver.</doc>
<msg timestamp="20230717 21:46:26.253" level="INFO">Creating an instance of the Chrome WebDriver.</msg>
<status status="PASS" starttime="20230717 21:46:26.253" endtime="20230717 21:46:28.711"/>
</kw>
<status status="PASS" starttime="20230717 21:46:26.253" endtime="20230717 21:46:28.711"/>
</kw>
<status status="PASS" starttime="20230717 21:46:26.253" endtime="20230717 21:46:28.711"/>
</kw>
<kw name="Set Window Size" library="SeleniumLibrary">
<arg>${1920}</arg>
<arg>${1200}</arg>
<doc>Sets current windows size to given ``width`` and ``height``.</doc>
<status status="PASS" starttime="20230717 21:46:28.711" endtime="20230717 21:46:28.824"/>
</kw>
<status status="PASS" starttime="20230717 21:46:26.252" endtime="20230717 21:46:28.824"/>
</kw>
<test id="s1-t1" name="Scenario #1 RECRQTP-10 Sign Up - Happy Flow" line="17">
<kw name="Navigate to Login Page" library="Common">
<kw name="Open Browser" library="SeleniumLibrary">
<arg>${LOGIN_URL}</arg>
<arg>${Browser}</arg>
<doc>Opens a new browser instance to the optional ``url``.</doc>
<msg timestamp="20230717 21:46:28.824" level="INFO">Opening browser 'chrome' to base url 'https://secretproject1.com/login'.</msg>
<status status="PASS" starttime="20230717 21:46:28.824" endtime="20230717 21:46:41.203"/>
</kw>
<status status="PASS" starttime="20230717 21:46:28.824" endtime="20230717 21:46:41.203"/>
</kw>
<kw name="Login Admin Account" library="Common">
<kw name="Input Text" library="SeleniumLibrary">
<arg>//*[@id="login-email"]</arg>
<arg>${Email}</arg>
<doc>Types the given ``text`` into the text field identified by ``locator``.</doc>
<msg timestamp="20230717 21:46:41.203" level="INFO">Typing text 'PAULWYDINC22@MAILINATOR.COM' into text field '//*[@id="login-email"]'.</msg>
<status status="PASS" starttime="20230717 21:46:41.203" endtime="20230717 21:46:41.500"/>
</kw>
<kw name="Input Text" library="SeleniumLibrary">
<arg>//*[@id="login-password"]</arg>
<arg>${Password}</arg>
<doc>Types the given ``text`` into the text field identified by ``locator``.</doc>
<msg timestamp="20230717 21:46:41.502" level="INFO">Typing text '!1Qazqaz' into text field '//*[@id="login-password"]'.</msg>
<status status="PASS" starttime="20230717 21:46:41.500" endtime="20230717 21:46:41.742"/>
</kw>
<status status="PASS" starttime="20230717 21:46:41.203" endtime="20230717 21:46:41.742"/>
</kw>
<kw name="Click Sign In" library="Common">
<kw name="Click Button" library="SeleniumLibrary">
<arg>Sign In</arg>
<doc>Clicks the button identified by ``locator``.</doc>
<msg timestamp="20230717 21:46:41.744" level="INFO">Clicking button 'Sign In'.</msg>
<status status="PASS" starttime="20230717 21:46:41.744" endtime="20230717 21:46:41.873"/>
</kw>
<status status="PASS" starttime="20230717 21:46:41.742" endtime="20230717 21:46:41.873"/>
</kw>
<kw name="Sleep" library="BuiltIn">
<arg>1</arg>
<doc>Pauses the test executed for the given time.</doc>
<msg timestamp="20230717 21:46:42.876" level="INFO">Slept 1 second</msg>
<status status="PASS" starttime="20230717 21:46:41.873" endtime="20230717 21:46:42.876"/>
</kw>
<kw name="Wait Until Page Contains" library="SeleniumLibrary">
<arg>Job List</arg>
<doc>Waits until ``text`` appears on the current page.</doc>
<status status="PASS" starttime="20230717 21:46:42.876" endtime="20230717 21:46:50.074"/>
</kw>
<kw name="Verify User Successfully Logged In" library="Common">
<kw name="Wait Until Element Is Visible" library="SeleniumLibrary">
<arg>//*[@id="__nuxt"]</arg>
<doc>Waits until the element ``locator`` is visible.</doc>
<status status="PASS" starttime="20230717 21:46:50.075" endtime="20230717 21:46:50.121"/>
</kw>
<status status="PASS" starttime="20230717 21:46:50.075" endtime="20230717 21:46:50.121"/>
</kw>
<kw name="Close All Browsers" library="SeleniumLibrary">
<doc>Closes all open browsers and resets the browser cache.</doc>
<status status="PASS" starttime="20230717 21:46:50.122" endtime="20230717 21:46:54.410"/>
</kw>
<doc>Valid Input</doc>
<tag>UBT</tag>
<status status="PASS" starttime="20230717 21:46:28.824" endtime="20230717 21:46:54.412"/>
</test>
<kw name="End Web Test" library="Common" type="TEARDOWN">
<kw name="Close All Browsers" library="SeleniumLibrary">
<doc>Closes all open browsers and resets the browser cache.</doc>
<status status="PASS" starttime="20230717 21:46:54.412" endtime="20230717 21:46:54.412"/>
</kw>
<status status="PASS" starttime="20230717 21:46:54.412" endtime="20230717 21:46:54.412"/>
</kw>
<doc>Test cases of Sign Up Form for Company Users</doc>
<status status="PASS" starttime="20230717 21:46:25.655" endtime="20230717 21:46:54.412"/>
</suite>
<statistics>
<total>
<stat pass="1" fail="0" skip="0">All Tests</stat>
</total>
<tag>
<stat pass="1" fail="0" skip="0">UBT</stat>
</tag>
<suite>
<stat pass="1" fail="0" skip="0" id="s1" name="RECRQTP-003 Sign In Form UBT">RECRQTP-003 Sign In Form UBT</stat>
</suite>
</statistics>
<errors>
<msg timestamp="20230717 21:46:26.237" level="ERROR">Error in file 'C:\Users\pader\PycharmProjects\RAVEN\RECRPRO\Resources\Register-Company.robot' on line 4: Resource file '..\Common.robot' does not exist.</msg>
<msg timestamp="20230717 21:46:26.239" level="ERROR">Error in file 'C:\Users\pader\PycharmProjects\RAVEN\RECRPRO\Resources\Register-Company.robot' on line 5: Variable file '..\Elements\Register.py' does not exist.</msg>
<msg timestamp="20230717 21:46:26.243" level="ERROR">Error in file 'C:\Users\pader\PycharmProjects\RAVEN\RECRPRO\Resources\Register-Company.robot' on line 9: Variable file '..\Elements\Register.py' does not exist.</msg>
<msg timestamp="20230717 21:46:26.245" level="ERROR">Error in file 'C:\Users\pader\PycharmProjects\RAVEN\RECRPRO\Resources\Register-Company.robot' on line 10: Variable file '..\..\Resources\Elements\Register.py' does not exist.</msg>
</errors>
</robot>
