<?xml version="1.0" encoding="UTF-8"?>
<robot generator="Robot 5.0.1 (Python 3.10.7 on win32)" generated="20230717 23:42:33.356" rpa="false" schemaversion="3">
<suite id="s1" name="RECRQTP-496 Sign In Form BVT" source="C:\Users\pader\PycharmProjects\RAVEN\RECRPRO\Tests\UserModule\RECRQTP-496_Sign_In_Form_BVT.robot">
<kw name="Begin Web Test" library="Common" type="SETUP">
<kw name="Run Keyword If" library="BuiltIn">
<arg>'${BROWSER_MODE}' == 'headless'</arg>
<arg>Open Browser In Headless Mode</arg>
<arg>ELSE</arg>
<arg>Open Browser</arg>
<arg>about:blank</arg>
<arg>${BROWSER}</arg>
<doc>Runs the given keyword with the given arguments, if ``condition`` is true.</doc>
<kw name="Open Browser In Headless Mode" library="Common">
<kw name="Evaluate" library="BuiltIn">
<var>${options}</var>
<arg>sys.modules['selenium.webdriver'].ChromeOptions()</arg>
<arg>sys, selenium.webdriver</arg>
<doc>Evaluates the given expression in Python and returns the result.</doc>
<msg timestamp="20230717 23:42:33.594" level="INFO">${options} = &lt;selenium.webdriver.chrome.options.Options object at 0x00000210747DB700&gt;</msg>
<status status="PASS" starttime="20230717 23:42:33.594" endtime="20230717 23:42:33.594"/>
</kw>
<kw name="Call Method" library="BuiltIn">
<arg>${options}</arg>
<arg>add_argument</arg>
<arg>--headless</arg>
<doc>Calls the named method of the given object with the provided arguments.</doc>
<status status="PASS" starttime="20230717 23:42:33.595" endtime="20230717 23:42:33.595"/>
</kw>
<kw name="Create Webdriver" library="SeleniumLibrary">
<arg>Chrome</arg>
<arg>chrome_options=${options}</arg>
<doc>Creates an instance of Selenium WebDriver.</doc>
<msg timestamp="20230717 23:42:33.595" level="INFO">Creating an instance of the Chrome WebDriver.</msg>
<status status="PASS" starttime="20230717 23:42:33.595" endtime="20230717 23:42:35.652"/>
</kw>
<status status="PASS" starttime="20230717 23:42:33.594" endtime="20230717 23:42:35.652"/>
</kw>
<status status="PASS" starttime="20230717 23:42:33.594" endtime="20230717 23:42:35.652"/>
</kw>
<kw name="Set Window Size" library="SeleniumLibrary">
<arg>${1920}</arg>
<arg>${1200}</arg>
<doc>Sets current windows size to given ``width`` and ``height``.</doc>
<status status="PASS" starttime="20230717 23:42:35.652" endtime="20230717 23:42:35.762"/>
</kw>
<status status="PASS" starttime="20230717 23:42:33.594" endtime="20230717 23:42:35.762"/>
</kw>
<test id="s1-t1" name="Scenario #1 RECRQTP-28 Sign In - More than max length of Email" line="17">
<kw name="Navigate to Login Page" library="Common">
<kw name="Open Browser" library="SeleniumLibrary">
<arg>${LOGIN_URL}</arg>
<arg>${Browser}</arg>
<doc>Opens a new browser instance to the optional ``url``.</doc>
<msg timestamp="20230717 23:42:35.765" level="INFO">Opening browser 'chrome' to base url 'https://secretproject1.com/login'.</msg>
<status status="PASS" starttime="20230717 23:42:35.765" endtime="20230717 23:42:40.708"/>
</kw>
<status status="PASS" starttime="20230717 23:42:35.764" endtime="20230717 23:42:40.708"/>
</kw>
<kw name="Login With Email Beyond Max Length" library="Sign-In">
<kw name="Input Text" library="SeleniumLibrary">
<arg>//*[@id="login-email"]</arg>
<arg>${EmailMoreThanMaxLength}</arg>
<doc>Types the given ``text`` into the text field identified by ``locator``.</doc>
<msg timestamp="20230717 23:42:40.711" level="INFO">Typing text 'ThisIsEmailBeyondMaxLength9090909099ThisIsEmailBeyondMaxLength9090909099ThisIsEmailBey@mailinator.com' into text field '//*[@id="login-email"]'.</msg>
<status status="PASS" starttime="20230717 23:42:40.710" endtime="20230717 23:42:41.292"/>
</kw>
<kw name="Input Text" library="SeleniumLibrary">
<arg>//*[@id="login-password"]</arg>
<arg>${password}</arg>
<doc>Types the given ``text`` into the text field identified by ``locator``.</doc>
<msg timestamp="20230717 23:42:41.293" level="INFO">Typing text '!1Qazqaz' into text field '//*[@id="login-password"]'.</msg>
<status status="PASS" starttime="20230717 23:42:41.292" endtime="20230717 23:42:41.402"/>
</kw>
<status status="PASS" starttime="20230717 23:42:40.710" endtime="20230717 23:42:41.402"/>
</kw>
<kw name="Click Sign In" library="Common">
<kw name="Click Button" library="SeleniumLibrary">
<arg>Sign In</arg>
<doc>Clicks the button identified by ``locator``.</doc>
<msg timestamp="20230717 23:42:41.403" level="INFO">Clicking button 'Sign In'.</msg>
<status status="PASS" starttime="20230717 23:42:41.403" endtime="20230717 23:42:41.480"/>
</kw>
<status status="PASS" starttime="20230717 23:42:41.402" endtime="20230717 23:42:41.480"/>
</kw>
<kw name="Sleep" library="BuiltIn">
<arg>1</arg>
<doc>Pauses the test executed for the given time.</doc>
<msg timestamp="20230717 23:42:42.483" level="INFO">Slept 1 second</msg>
<status status="PASS" starttime="20230717 23:42:41.481" endtime="20230717 23:42:42.483"/>
</kw>
<kw name="Check Error for Incorrect Credentials" library="Sign-In">
<kw name="Wait Until Page Contains" library="SeleniumLibrary">
<arg>Incorrect email address or password.</arg>
<doc>Waits until ``text`` appears on the current page.</doc>
<status status="PASS" starttime="20230717 23:42:42.484" endtime="20230717 23:42:42.503"/>
</kw>
<status status="PASS" starttime="20230717 23:42:42.483" endtime="20230717 23:42:42.504"/>
</kw>
<kw name="Close All Browsers" library="SeleniumLibrary">
<doc>Closes all open browsers and resets the browser cache.</doc>
<status status="PASS" starttime="20230717 23:42:42.504" endtime="20230717 23:42:46.710"/>
</kw>
<doc>Invalid Input</doc>
<tag>EVT, Regression</tag>
<status status="PASS" starttime="20230717 23:42:35.763" endtime="20230717 23:42:46.711"/>
</test>
<test id="s1-t2" name="Scenario #1 REC2QTP-31 Sign In - More than max length of Password" line="31">
<kw name="Navigate to Login Page" library="Common">
<kw name="Open Browser" library="SeleniumLibrary">
<arg>${LOGIN_URL}</arg>
<arg>${Browser}</arg>
<doc>Opens a new browser instance to the optional ``url``.</doc>
<msg timestamp="20230717 23:42:46.712" level="INFO">Opening browser 'chrome' to base url 'https://secretproject1.com/login'.</msg>
<status status="PASS" starttime="20230717 23:42:46.712" endtime="20230717 23:42:51.552"/>
</kw>
<status status="PASS" starttime="20230717 23:42:46.712" endtime="20230717 23:42:51.552"/>
</kw>
<kw name="Login With Password Beyond Max Length" library="Sign-In">
<kw name="Input Text" library="SeleniumLibrary">
<arg>//*[@id="login-email"]</arg>
<arg>${email}</arg>
<doc>Types the given ``text`` into the text field identified by ``locator``.</doc>
<msg timestamp="20230717 23:42:51.554" level="INFO">Typing text 'PAULWYDINC22@MAILINATOR.COM' into text field '//*[@id="login-email"]'.</msg>
<status status="PASS" starttime="20230717 23:42:51.554" endtime="20230717 23:42:51.754"/>
</kw>
<kw name="Input Text" library="SeleniumLibrary">
<arg>//*[@id="login-password"]</arg>
<arg>${PasswordMoreThanMaxLength}</arg>
<doc>Types the given ``text`` into the text field identified by ``locator``.</doc>
<msg timestamp="20230717 23:42:51.755" level="INFO">Typing text '!1Qazqaz!1Qazqaz!1Qazqaz!1Qazqaz!1Qazqaz!1Qazqaz!1Q' into text field '//*[@id="login-password"]'.</msg>
<status status="PASS" starttime="20230717 23:42:51.754" endtime="20230717 23:42:52.017"/>
</kw>
<status status="PASS" starttime="20230717 23:42:51.554" endtime="20230717 23:42:52.017"/>
</kw>
<kw name="Click Sign In" library="Common">
<kw name="Click Button" library="SeleniumLibrary">
<arg>Sign In</arg>
<doc>Clicks the button identified by ``locator``.</doc>
<msg timestamp="20230717 23:42:52.018" level="INFO">Clicking button 'Sign In'.</msg>
<status status="PASS" starttime="20230717 23:42:52.018" endtime="20230717 23:42:52.121"/>
</kw>
<status status="PASS" starttime="20230717 23:42:52.018" endtime="20230717 23:42:52.122"/>
</kw>
<kw name="Sleep" library="BuiltIn">
<arg>1</arg>
<doc>Pauses the test executed for the given time.</doc>
<msg timestamp="20230717 23:42:53.136" level="INFO">Slept 1 second</msg>
<status status="PASS" starttime="20230717 23:42:52.122" endtime="20230717 23:42:53.136"/>
</kw>
<kw name="Check Error for Incorrect Credentials" library="Sign-In">
<kw name="Wait Until Page Contains" library="SeleniumLibrary">
<arg>Incorrect email address or password.</arg>
<doc>Waits until ``text`` appears on the current page.</doc>
<status status="PASS" starttime="20230717 23:42:53.137" endtime="20230717 23:42:53.365"/>
</kw>
<status status="PASS" starttime="20230717 23:42:53.136" endtime="20230717 23:42:53.366"/>
</kw>
<kw name="Close All Browsers" library="SeleniumLibrary">
<doc>Closes all open browsers and resets the browser cache.</doc>
<status status="PASS" starttime="20230717 23:42:53.366" endtime="20230717 23:42:55.483"/>
</kw>
<doc>Invalid Input</doc>
<tag>EVT, Regression</tag>
<status status="PASS" starttime="20230717 23:42:46.711" endtime="20230717 23:42:55.483"/>
</test>
<kw name="End Web Test" library="Common" type="TEARDOWN">
<kw name="Close All Browsers" library="SeleniumLibrary">
<doc>Closes all open browsers and resets the browser cache.</doc>
<status status="PASS" starttime="20230717 23:42:55.485" endtime="20230717 23:42:55.485"/>
</kw>
<status status="PASS" starttime="20230717 23:42:55.485" endtime="20230717 23:42:55.485"/>
</kw>
<doc>Test cases of Sign Up Form for Company Users</doc>
<status status="PASS" starttime="20230717 23:42:33.357" endtime="20230717 23:42:55.485"/>
</suite>
<statistics>
<total>
<stat pass="2" fail="0" skip="0">All Tests</stat>
</total>
<tag>
<stat pass="2" fail="0" skip="0">EVT, Regression</stat>
</tag>
<suite>
<stat pass="2" fail="0" skip="0" id="s1" name="RECRQTP-496 Sign In Form BVT">RECRQTP-496 Sign In Form BVT</stat>
</suite>
</statistics>
<errors>
</errors>
</robot>
